Arguments: 
  /usr/local/bin/node /usr/local/bin/yarn add --dev hardhat

PATH: 
  /opt/homebrew/bin:/opt/homebrew/sbin:/usr/local/bin:/usr/bin:/bin:/usr/sbin:/sbin

Yarn version: 
  1.22.19

Node version: 
  18.16.0

Platform: 
  darwin arm64

Trace: 
  Error: connect ENETUNREACH 104.16.0.34:443 - Local (0.0.0.0:64649)
      at internalConnect (node:net:1066:16)
      at defaultTriggerAsyncIdScope (node:internal/async_hooks:464:18)
      at emitLookup (node:net:1323:9)
      at /usr/local/lib/node_modules/yarn/lib/cli.js:103587:28
      at /usr/local/lib/node_modules/yarn/lib/cli.js:103496:13
      at module.exports.RawTask.call (/usr/local/lib/node_modules/yarn/lib/cli.js:79584:19)
      at flush (/usr/local/lib/node_modules/yarn/lib/cli.js:79666:29)
      at process.processTicksAndRejections (node:internal/process/task_queues:77:11)

npm manifest: 
  {
    "name": "blockxafe",
    "version": "1.0.0",
    "description": "A decentralised saving and investing application",
    "main": "index.js",
    "author": "Ejim Favour",
    "license": "MIT",
    "scripts": {
      "test": "yarn hardhat test",
      "compile": "yarn hardhat compile",
      "deploy": "yarn hardhat deploy",
      "test-staging": "yarn hardhat test --network sepolia",
      "lint": "yarn solhint 'contracts/*.sol'",
      "lint:fix": "yarn solhint 'contracts/**/*.sol' --fix",
      "format": "yarn prettier --write .",
      "coverage": "yarn hardhat coverage"
    }
  }

yarn manifest: 
  No manifest

Lockfile: 
  No lockfile
